<?xml version="1.0" encoding="UTF-8"?>
<testsuite xmlns:xsi="http://www.w3.org/2001/XMLSchema-instance" xsi:noNamespaceSchemaLocation="https://maven.apache.org/surefire/maven-surefire-plugin/xsd/surefire-test-report-3.0.xsd" version="3.0" name="MemberOpsTest" time="2.852" tests="7" errors="0" skipped="5" failures="1">
  <properties>
[...]
</properties>
  <testcase name="testGetNumberOfMember" classname="MemberOpsTest" time="0.0">
    <skipped message="void MemberOpsTest.testGetNumberOfMember() is @Disabled"/>
  </testcase>
  <testcase name="testFindMember" classname="MemberOpsTest" time="0.0">
    <skipped message="void MemberOpsTest.testFindMember() is @Disabled"/>
  </testcase>
  <testcase name="testgetNextId" classname="MemberOpsTest" time="0.0">
    <skipped message="void MemberOpsTest.testgetNextId() is @Disabled"/>
  </testcase>
  <testcase name="testMemberIssuedBks" classname="MemberOpsTest" time="0.982">
    <system-out><![CDATA[Hibernate: SELECT idValue FROM ID_Gen WHERE idName='MemberId'
Hibernate: UPDATE ID_GEN SET idValue = ? WHERE idName = 'MemberId'
Hibernate: select member0_.memberNo as memberNo1_3_0_, member0_.address as address2_3_0_, member0_.contact as contact3_3_0_, member0_.dateOfReg as dateOfRe4_3_0_, member0_.email as email5_3_0_, member0_.gender as gender6_3_0_, member0_.givenName as givenNam7_3_0_, member0_.otherName as otherNam8_3_0_, member0_.picture as picture9_3_0_, member0_.surName as surName10_3_0_ from Member member0_ where member0_.memberNo=?
Hibernate: select issuedbook0_.member as member6_2_0_, issuedbook0_.id as id1_2_0_, issuedbook0_.id as id1_2_1_, issuedbook0_.book as book5_2_1_, issuedbook0_.dateOfIssuing as dateOfIs2_2_1_, issuedbook0_.dateOfReturn as dateOfRe3_2_1_, issuedbook0_.dueDate as dueDate4_2_1_, issuedbook0_.member as member6_2_1_, book1_.bookId as bookId1_0_2_, book1_.ISBN as ISBN2_0_2_, book1_.author as author3_0_2_, book1_.category as category4_0_2_, book1_.coAuthor as coAuthor5_0_2_, book1_.dateOfEntry as dateOfEn6_0_2_, book1_.description as descript7_0_2_, book1_.edition as edition8_0_2_, book1_.language as language9_0_2_, book1_.publicationYear as publica10_0_2_, book1_.publisher as publish11_0_2_, book1_.status as status12_0_2_, book1_.title as title13_0_2_ from IssuedBooks issuedbook0_ left outer join Catalog book1_ on issuedbook0_.book=book1_.bookId where issuedbook0_.member=?
]]></system-out>
  </testcase>
  <testcase name="testMemberExists" classname="MemberOpsTest" time="0.0">
    <skipped message="void MemberOpsTest.testMemberExists() is @Disabled"/>
  </testcase>
  <testcase name="testViewMembers" classname="MemberOpsTest" time="0.0">
    <skipped message="void MemberOpsTest.testViewMembers() is @Disabled"/>
  </testcase>
  <testcase name="testMemberHolds" classname="MemberOpsTest" time="1.849">
    <failure message="expected: &lt;10&gt; but was: &lt;0&gt;" type="org.opentest4j.AssertionFailedError"><![CDATA[org.opentest4j.AssertionFailedError: expected: <10> but was: <0>
	at org.junit.jupiter.api.AssertionUtils.fail(AssertionUtils.java:55)
	at org.junit.jupiter.api.AssertionUtils.failNotEqual(AssertionUtils.java:62)
	at org.junit.jupiter.api.AssertEquals.assertEquals(AssertEquals.java:150)
	at org.junit.jupiter.api.AssertEquals.assertEquals(AssertEquals.java:145)
	at org.junit.jupiter.api.Assertions.assertEquals(Assertions.java:510)
	at MemberOpsTest.testMemberHolds(MemberOpsTest.java:61)
	at sun.reflect.NativeMethodAccessorImpl.invoke0(Native Method)
	at sun.reflect.NativeMethodAccessorImpl.invoke(NativeMethodAccessorImpl.java:62)
	at sun.reflect.DelegatingMethodAccessorImpl.invoke(DelegatingMethodAccessorImpl.java:43)
	at java.lang.reflect.Method.invoke(Method.java:498)
	at org.junit.platform.commons.util.ReflectionUtils.invokeMethod(ReflectionUtils.java:688)
	at org.junit.jupiter.engine.execution.MethodInvocation.proceed(MethodInvocation.java:60)
	at org.junit.jupiter.engine.execution.InvocationInterceptorChain$ValidatingInvocation.proceed(InvocationInterceptorChain.java:131)
	at org.junit.jupiter.engine.extension.TimeoutExtension.intercept(TimeoutExtension.java:149)
	at org.junit.jupiter.engine.extension.TimeoutExtension.interceptTestableMethod(TimeoutExtension.java:140)
	at org.junit.jupiter.engine.extension.TimeoutExtension.interceptTestMethod(TimeoutExtension.java:84)
	at org.junit.jupiter.engine.execution.ExecutableInvoker$ReflectiveInterceptorCall.lambda$ofVoidMethod$0(ExecutableInvoker.java:115)
	at org.junit.jupiter.engine.execution.ExecutableInvoker.lambda$invoke$0(ExecutableInvoker.java:105)
	at org.junit.jupiter.engine.execution.InvocationInterceptorChain$InterceptedInvocation.proceed(InvocationInterceptorChain.java:106)
	at org.junit.jupiter.engine.execution.InvocationInterceptorChain.proceed(InvocationInterceptorChain.java:64)
	at org.junit.jupiter.engine.execution.InvocationInterceptorChain.chainAndInvoke(InvocationInterceptorChain.java:45)
	at org.junit.jupiter.engine.execution.InvocationInterceptorChain.invoke(InvocationInterceptorChain.java:37)
	at org.junit.jupiter.engine.execution.ExecutableInvoker.invoke(ExecutableInvoker.java:104)
	at org.junit.jupiter.engine.execution.ExecutableInvoker.invoke(ExecutableInvoker.java:98)
	at org.junit.jupiter.engine.descriptor.TestMethodTestDescriptor.lambda$invokeTestMethod$6(TestMethodTestDescriptor.java:210)
	at org.junit.platform.engine.support.hierarchical.ThrowableCollector.execute(ThrowableCollector.java:73)
	at org.junit.jupiter.engine.descriptor.TestMethodTestDescriptor.invokeTestMethod(TestMethodTestDescriptor.java:206)
	at org.junit.jupiter.engine.descriptor.TestMethodTestDescriptor.execute(TestMethodTestDescriptor.java:131)
	at org.junit.jupiter.engine.descriptor.TestMethodTestDescriptor.execute(TestMethodTestDescriptor.java:65)
	at org.junit.platform.engine.support.hierarchical.NodeTestTask.lambda$executeRecursively$5(NodeTestTask.java:139)
	at org.junit.platform.engine.support.hierarchical.ThrowableCollector.execute(ThrowableCollector.java:73)
	at org.junit.platform.engine.support.hierarchical.NodeTestTask.lambda$executeRecursively$7(NodeTestTask.java:129)
	at org.junit.platform.engine.support.hierarchical.Node.around(Node.java:137)
	at org.junit.platform.engine.support.hierarchical.NodeTestTask.lambda$executeRecursively$8(NodeTestTask.java:127)
	at org.junit.platform.engine.support.hierarchical.ThrowableCollector.execute(ThrowableCollector.java:73)
	at org.junit.platform.engine.support.hierarchical.NodeTestTask.executeRecursively(NodeTestTask.java:126)
	at org.junit.platform.engine.support.hierarchical.NodeTestTask.execute(NodeTestTask.java:84)
	at java.util.ArrayList.forEach(ArrayList.java:1259)
	at org.junit.platform.engine.support.hierarchical.SameThreadHierarchicalTestExecutorService.invokeAll(SameThreadHierarchicalTestExecutorService.java:38)
	at org.junit.platform.engine.support.hierarchical.NodeTestTask.lambda$executeRecursively$5(NodeTestTask.java:143)
	at org.junit.platform.engine.support.hierarchical.ThrowableCollector.execute(ThrowableCollector.java:73)
	at org.junit.platform.engine.support.hierarchical.NodeTestTask.lambda$executeRecursively$7(NodeTestTask.java:129)
	at org.junit.platform.engine.support.hierarchical.Node.around(Node.java:137)
	at org.junit.platform.engine.support.hierarchical.NodeTestTask.lambda$executeRecursively$8(NodeTestTask.java:127)
	at org.junit.platform.engine.support.hierarchical.ThrowableCollector.execute(ThrowableCollector.java:73)
	at org.junit.platform.engine.support.hierarchical.NodeTestTask.executeRecursively(NodeTestTask.java:126)
	at org.junit.platform.engine.support.hierarchical.NodeTestTask.execute(NodeTestTask.java:84)
	at java.util.ArrayList.forEach(ArrayList.java:1259)
	at org.junit.platform.engine.support.hierarchical.SameThreadHierarchicalTestExecutorService.invokeAll(SameThreadHierarchicalTestExecutorService.java:38)
	at org.junit.platform.engine.support.hierarchical.NodeTestTask.lambda$executeRecursively$5(NodeTestTask.java:143)
	at org.junit.platform.engine.support.hierarchical.ThrowableCollector.execute(ThrowableCollector.java:73)
	at org.junit.platform.engine.support.hierarchical.NodeTestTask.lambda$executeRecursively$7(NodeTestTask.java:129)
	at org.junit.platform.engine.support.hierarchical.Node.around(Node.java:137)
	at org.junit.platform.engine.support.hierarchical.NodeTestTask.lambda$executeRecursively$8(NodeTestTask.java:127)
	at org.junit.platform.engine.support.hierarchical.ThrowableCollector.execute(ThrowableCollector.java:73)
	at org.junit.platform.engine.support.hierarchical.NodeTestTask.executeRecursively(NodeTestTask.java:126)
	at org.junit.platform.engine.support.hierarchical.NodeTestTask.execute(NodeTestTask.java:84)
	at org.junit.platform.engine.support.hierarchical.SameThreadHierarchicalTestExecutorService.submit(SameThreadHierarchicalTestExecutorService.java:32)
	at org.junit.platform.engine.support.hierarchical.HierarchicalTestExecutor.execute(HierarchicalTestExecutor.java:57)
	at org.junit.platform.engine.support.hierarchical.HierarchicalTestEngine.execute(HierarchicalTestEngine.java:51)
	at org.junit.platform.launcher.core.EngineExecutionOrchestrator.execute(EngineExecutionOrchestrator.java:108)
	at org.junit.platform.launcher.core.EngineExecutionOrchestrator.execute(EngineExecutionOrchestrator.java:88)
	at org.junit.platform.launcher.core.EngineExecutionOrchestrator.lambda$execute$0(EngineExecutionOrchestrator.java:54)
	at org.junit.platform.launcher.core.EngineExecutionOrchestrator.withInterceptedStreams(EngineExecutionOrchestrator.java:67)
	at org.junit.platform.launcher.core.EngineExecutionOrchestrator.execute(EngineExecutionOrchestrator.java:52)
	at org.junit.platform.launcher.core.DefaultLauncher.execute(DefaultLauncher.java:96)
	at org.junit.platform.launcher.core.DefaultLauncher.execute(DefaultLauncher.java:75)
	at org.apache.maven.surefire.junitplatform.LazyLauncher.execute(LazyLauncher.java:56)
	at org.apache.maven.surefire.junitplatform.JUnitPlatformProvider.execute(JUnitPlatformProvider.java:184)
	at org.apache.maven.surefire.junitplatform.JUnitPlatformProvider.invokeAllTests(JUnitPlatformProvider.java:148)
	at org.apache.maven.surefire.junitplatform.JUnitPlatformProvider.invoke(JUnitPlatformProvider.java:122)
	at org.apache.maven.surefire.booter.ForkedBooter.runSuitesInProcess(ForkedBooter.java:385)
	at org.apache.maven.surefire.booter.ForkedBooter.execute(ForkedBooter.java:162)
	at org.apache.maven.surefire.booter.ForkedBooter.run(ForkedBooter.java:507)
	at org.apache.maven.surefire.booter.ForkedBooter.main(ForkedBooter.java:495)
]]></failure>
    <system-out><![CDATA[Hibernate: update Member set address=?, contact=?, dateOfReg=?, email=?, gender=?, givenName=?, otherName=?, picture=?, surName=? where memberNo=?
Hibernate: SELECT idValue FROM ID_Gen WHERE idName='MemberId'
Hibernate: update Member set address=?, contact=?, dateOfReg=?, email=?, gender=?, givenName=?, otherName=?, picture=?, surName=? where memberNo=?
Hibernate: UPDATE ID_GEN SET idValue = ? WHERE idName = 'MemberId'
Hibernate: update Member set address=?, contact=?, dateOfReg=?, email=?, gender=?, givenName=?, otherName=?, picture=?, surName=? where memberNo=?
Hibernate: select booksonhol0_.member as member5_1_0_, booksonhol0_.holdId as holdId1_1_0_, booksonhol0_.holdId as holdId1_1_1_, booksonhol0_.book as book4_1_1_, booksonhol0_.date as date2_1_1_, booksonhol0_.member as member5_1_1_, booksonhol0_.status as status3_1_1_, book1_.bookId as bookId1_0_2_, book1_.ISBN as ISBN2_0_2_, book1_.author as author3_0_2_, book1_.category as category4_0_2_, book1_.coAuthor as coAuthor5_0_2_, book1_.dateOfEntry as dateOfEn6_0_2_, book1_.description as descript7_0_2_, book1_.edition as edition8_0_2_, book1_.language as language9_0_2_, book1_.publicationYear as publica10_0_2_, book1_.publisher as publish11_0_2_, book1_.status as status12_0_2_, book1_.title as title13_0_2_ from Holds booksonhol0_ left outer join Catalog book1_ on booksonhol0_.book=book1_.bookId where booksonhol0_.member=?
]]></system-out>
  </testcase>
</testsuite>